<?xml version="1.0" encoding="UTF-8"?>
<!-- Generated by org.testng.reporters.JUnitXMLReporter -->
<testsuite hostname="Anguganesh-PC" ignored="0" name="Test" tests="5" failures="1" timestamp="28 Jul 2018 21:34:43 GMT" time="5.93" errors="0">
  <testcase name="function" time="0.029" classname="test.scripts.TestScript1"/>
  <testcase name="function2" time="0.003" classname="test.scripts.TestScript1">
    <skipped/>
  </testcase> <!-- function2 -->
  <testcase name="function2" time="0.001" classname="test.scripts.TestScript1">
    <skipped/>
  </testcase> <!-- function2 -->
  <testcase name="function2" time="0.001" classname="test.scripts.TestScript1">
    <skipped/>
  </testcase> <!-- function2 -->
  <testcase name="function2" time="0.001" classname="test.scripts.TestScript1">
    <failure type="java.lang.AssertionError" message="expected [false] but found [true]">
      <![CDATA[java.lang.AssertionError: expected [false] but found [true]
at test.scripts.TestScript1.function2(TestScript1.java:30)
... Removed 31 stack frames]]>
    </failure>
  </testcase> <!-- function2 -->
</testsuite> <!-- Test -->
